2014/09/17 10:50:54 [error] [exception.CHttpException.404] exception 'CHttpException' with message 'Unable to resolve the request "img/default-user.jpg".' in /opt/lampp/htdocs/yii/framework/web/CWebApplication.php:286
Stack trace:
#0 /opt/lampp/htdocs/yii/framework/web/CWebApplication.php(141): CWebApplication->runController('img/default-use...')
#1 /opt/lampp/htdocs/yii/framework/base/CApplication.php(184): CWebApplication->processRequest()
#2 /opt/lampp/htdocs/soc-ego/index.php(13): CApplication->run()
#3 {main}
REQUEST_URI=/img/default-user.jpg
HTTP_REFERER=http://soc-ego/
---
2014/09/17 10:50:54 [error] [exception.CHttpException.404] exception 'CHttpException' with message 'Unable to resolve the request "img/default-user.jpg".' in /opt/lampp/htdocs/yii/framework/web/CWebApplication.php:286
Stack trace:
#0 /opt/lampp/htdocs/yii/framework/web/CWebApplication.php(141): CWebApplication->runController('img/default-use...')
#1 /opt/lampp/htdocs/yii/framework/base/CApplication.php(184): CWebApplication->processRequest()
#2 /opt/lampp/htdocs/soc-ego/index.php(13): CApplication->run()
#3 {main}
REQUEST_URI=/img/default-user.jpg
HTTP_REFERER=http://soc-ego/
---
2014/09/17 10:50:56 [error] [php] include(Comments.php): failed to open stream: No such file or directory (/opt/lampp/htdocs/yii/framework/YiiBase.php:432)
Stack trace:
#0 /opt/lampp/htdocs/soc-ego/protected/controllers/SiteController.php(64): spl_autoload_call()
#1 /opt/lampp/htdocs/yii/framework/web/actions/CInlineAction.php(49): SiteController->actionCommentsadd()
#2 /opt/lampp/htdocs/yii/framework/web/CController.php(308): CInlineAction->runWithParams()
#3 /opt/lampp/htdocs/yii/framework/web/CController.php(286): SiteController->runAction()
#4 /opt/lampp/htdocs/yii/framework/web/CController.php(265): SiteController->runActionWithFilters()
#5 /opt/lampp/htdocs/yii/framework/web/CWebApplication.php(282): SiteController->run()
#6 /opt/lampp/htdocs/yii/framework/web/CWebApplication.php(141): CWebApplication->runController()
#7 /opt/lampp/htdocs/yii/framework/base/CApplication.php(184): CWebApplication->processRequest()
#8 /opt/lampp/htdocs/soc-ego/index.php(13): CWebApplication->run()
REQUEST_URI=/commentsadd
in /opt/lampp/htdocs/soc-ego/protected/controllers/SiteController.php (64)
in /opt/lampp/htdocs/soc-ego/index.php (13)
2014/09/17 10:54:01 [error] [exception.CHttpException.404] exception 'CHttpException' with message 'Unable to resolve the request "img/default-user.jpg".' in /opt/lampp/htdocs/yii/framework/web/CWebApplication.php:286
Stack trace:
#0 /opt/lampp/htdocs/yii/framework/web/CWebApplication.php(141): CWebApplication->runController('img/default-use...')
#1 /opt/lampp/htdocs/yii/framework/base/CApplication.php(184): CWebApplication->processRequest()
#2 /opt/lampp/htdocs/soc-ego/index.php(13): CApplication->run()
#3 {main}
REQUEST_URI=/img/default-user.jpg
HTTP_REFERER=http://soc-ego/
---
2014/09/17 10:54:04 [error] [php] include(Files.php): failed to open stream: No such file or directory (/opt/lampp/htdocs/yii/framework/YiiBase.php:432)
Stack trace:
#0 /opt/lampp/htdocs/soc-ego/protected/controllers/SiteController.php(68): spl_autoload_call()
#1 /opt/lampp/htdocs/yii/framework/web/actions/CInlineAction.php(49): SiteController->actionCommentsadd()
#2 /opt/lampp/htdocs/yii/framework/web/CController.php(308): CInlineAction->runWithParams()
#3 /opt/lampp/htdocs/yii/framework/web/CController.php(286): SiteController->runAction()
#4 /opt/lampp/htdocs/yii/framework/web/CController.php(265): SiteController->runActionWithFilters()
#5 /opt/lampp/htdocs/yii/framework/web/CWebApplication.php(282): SiteController->run()
#6 /opt/lampp/htdocs/yii/framework/web/CWebApplication.php(141): CWebApplication->runController()
#7 /opt/lampp/htdocs/yii/framework/base/CApplication.php(184): CWebApplication->processRequest()
#8 /opt/lampp/htdocs/soc-ego/index.php(13): CWebApplication->run()
REQUEST_URI=/commentsadd
in /opt/lampp/htdocs/soc-ego/protected/controllers/SiteController.php (68)
in /opt/lampp/htdocs/soc-ego/index.php (13)
2014/09/17 11:01:33 [error] [php] include(Files.php): failed to open stream: No such file or directory (/opt/lampp/htdocs/yii/framework/YiiBase.php:432)
Stack trace:
#0 /opt/lampp/htdocs/soc-ego/protected/controllers/SiteController.php(67): spl_autoload_call()
#1 /opt/lampp/htdocs/yii/framework/web/actions/CInlineAction.php(49): SiteController->actionCommentsadd()
#2 /opt/lampp/htdocs/yii/framework/web/CController.php(308): CInlineAction->runWithParams()
#3 /opt/lampp/htdocs/yii/framework/web/CController.php(286): SiteController->runAction()
#4 /opt/lampp/htdocs/yii/framework/web/CController.php(265): SiteController->runActionWithFilters()
#5 /opt/lampp/htdocs/yii/framework/web/CWebApplication.php(282): SiteController->run()
#6 /opt/lampp/htdocs/yii/framework/web/CWebApplication.php(141): CWebApplication->runController()
#7 /opt/lampp/htdocs/yii/framework/base/CApplication.php(184): CWebApplication->processRequest()
#8 /opt/lampp/htdocs/soc-ego/index.php(13): CWebApplication->run()
REQUEST_URI=/commentsadd
in /opt/lampp/htdocs/soc-ego/protected/controllers/SiteController.php (67)
in /opt/lampp/htdocs/soc-ego/index.php (13)
2014/09/17 11:01:53 [error] [exception.CHttpException.404] exception 'CHttpException' with message 'Unable to resolve the request "img/default-user.jpg".' in /opt/lampp/htdocs/yii/framework/web/CWebApplication.php:286
Stack trace:
#0 /opt/lampp/htdocs/yii/framework/web/CWebApplication.php(141): CWebApplication->runController('img/default-use...')
#1 /opt/lampp/htdocs/yii/framework/base/CApplication.php(184): CWebApplication->processRequest()
#2 /opt/lampp/htdocs/soc-ego/index.php(13): CApplication->run()
#3 {main}
REQUEST_URI=/img/default-user.jpg
HTTP_REFERER=http://soc-ego/
---
2014/09/17 11:01:53 [error] [exception.CHttpException.404] exception 'CHttpException' with message 'Unable to resolve the request "img/default-user.jpg".' in /opt/lampp/htdocs/yii/framework/web/CWebApplication.php:286
Stack trace:
#0 /opt/lampp/htdocs/yii/framework/web/CWebApplication.php(141): CWebApplication->runController('img/default-use...')
#1 /opt/lampp/htdocs/yii/framework/base/CApplication.php(184): CWebApplication->processRequest()
#2 /opt/lampp/htdocs/soc-ego/index.php(13): CApplication->run()
#3 {main}
REQUEST_URI=/img/default-user.jpg
HTTP_REFERER=http://soc-ego/
---
2014/09/17 11:02:08 [error] [exception.CHttpException.404] exception 'CHttpException' with message 'Unable to resolve the request "img/default-user.jpg".' in /opt/lampp/htdocs/yii/framework/web/CWebApplication.php:286
Stack trace:
#0 /opt/lampp/htdocs/yii/framework/web/CWebApplication.php(141): CWebApplication->runController('img/default-use...')
#1 /opt/lampp/htdocs/yii/framework/base/CApplication.php(184): CWebApplication->processRequest()
#2 /opt/lampp/htdocs/soc-ego/index.php(13): CApplication->run()
#3 {main}
REQUEST_URI=/img/default-user.jpg
HTTP_REFERER=http://soc-ego/
---
2014/09/17 11:02:08 [error] [exception.CHttpException.404] exception 'CHttpException' with message 'Unable to resolve the request "img/default-user.jpg".' in /opt/lampp/htdocs/yii/framework/web/CWebApplication.php:286
Stack trace:
#0 /opt/lampp/htdocs/yii/framework/web/CWebApplication.php(141): CWebApplication->runController('img/default-use...')
#1 /opt/lampp/htdocs/yii/framework/base/CApplication.php(184): CWebApplication->processRequest()
#2 /opt/lampp/htdocs/soc-ego/index.php(13): CApplication->run()
#3 {main}
REQUEST_URI=/img/default-user.jpg
HTTP_REFERER=http://soc-ego/
---
2014/09/17 11:02:11 [error] [php] include(Files.php): failed to open stream: No such file or directory (/opt/lampp/htdocs/yii/framework/YiiBase.php:432)
Stack trace:
#0 /opt/lampp/htdocs/soc-ego/protected/controllers/SiteController.php(67): spl_autoload_call()
#1 /opt/lampp/htdocs/yii/framework/web/actions/CInlineAction.php(49): SiteController->actionCommentsadd()
#2 /opt/lampp/htdocs/yii/framework/web/CController.php(308): CInlineAction->runWithParams()
#3 /opt/lampp/htdocs/yii/framework/web/CController.php(286): SiteController->runAction()
#4 /opt/lampp/htdocs/yii/framework/web/CController.php(265): SiteController->runActionWithFilters()
#5 /opt/lampp/htdocs/yii/framework/web/CWebApplication.php(282): SiteController->run()
#6 /opt/lampp/htdocs/yii/framework/web/CWebApplication.php(141): CWebApplication->runController()
#7 /opt/lampp/htdocs/yii/framework/base/CApplication.php(184): CWebApplication->processRequest()
#8 /opt/lampp/htdocs/soc-ego/index.php(13): CWebApplication->run()
REQUEST_URI=/commentsadd
in /opt/lampp/htdocs/soc-ego/protected/controllers/SiteController.php (67)
in /opt/lampp/htdocs/soc-ego/index.php (13)
2014/09/17 11:02:25 [error] [exception.CHttpException.404] exception 'CHttpException' with message 'Unable to resolve the request "img/default-user.jpg".' in /opt/lampp/htdocs/yii/framework/web/CWebApplication.php:286
Stack trace:
#0 /opt/lampp/htdocs/yii/framework/web/CWebApplication.php(141): CWebApplication->runController('img/default-use...')
#1 /opt/lampp/htdocs/yii/framework/base/CApplication.php(184): CWebApplication->processRequest()
#2 /opt/lampp/htdocs/soc-ego/index.php(13): CApplication->run()
#3 {main}
REQUEST_URI=/img/default-user.jpg
HTTP_REFERER=http://soc-ego/
---
2014/09/17 11:02:25 [error] [exception.CHttpException.404] exception 'CHttpException' with message 'Unable to resolve the request "img/default-user.jpg".' in /opt/lampp/htdocs/yii/framework/web/CWebApplication.php:286
Stack trace:
#0 /opt/lampp/htdocs/yii/framework/web/CWebApplication.php(141): CWebApplication->runController('img/default-use...')
#1 /opt/lampp/htdocs/yii/framework/base/CApplication.php(184): CWebApplication->processRequest()
#2 /opt/lampp/htdocs/soc-ego/index.php(13): CApplication->run()
#3 {main}
REQUEST_URI=/img/default-user.jpg
HTTP_REFERER=http://soc-ego/
---
2014/09/17 11:02:57 [error] [exception.CHttpException.404] exception 'CHttpException' with message 'Unable to resolve the request "img/default-user.jpg".' in /opt/lampp/htdocs/yii/framework/web/CWebApplication.php:286
Stack trace:
#0 /opt/lampp/htdocs/yii/framework/web/CWebApplication.php(141): CWebApplication->runController('img/default-use...')
#1 /opt/lampp/htdocs/yii/framework/base/CApplication.php(184): CWebApplication->processRequest()
#2 /opt/lampp/htdocs/soc-ego/index.php(13): CApplication->run()
#3 {main}
REQUEST_URI=/img/default-user.jpg
HTTP_REFERER=http://soc-ego/
---
2014/09/17 11:02:57 [error] [exception.CHttpException.404] exception 'CHttpException' with message 'Unable to resolve the request "img/default-user.jpg".' in /opt/lampp/htdocs/yii/framework/web/CWebApplication.php:286
Stack trace:
#0 /opt/lampp/htdocs/yii/framework/web/CWebApplication.php(141): CWebApplication->runController('img/default-use...')
#1 /opt/lampp/htdocs/yii/framework/base/CApplication.php(184): CWebApplication->processRequest()
#2 /opt/lampp/htdocs/soc-ego/index.php(13): CApplication->run()
#3 {main}
REQUEST_URI=/img/default-user.jpg
HTTP_REFERER=http://soc-ego/
---
2014/09/17 11:04:02 [error] [exception.CHttpException.404] exception 'CHttpException' with message 'Unable to resolve the request "img/default-user.jpg".' in /opt/lampp/htdocs/yii/framework/web/CWebApplication.php:286
Stack trace:
#0 /opt/lampp/htdocs/yii/framework/web/CWebApplication.php(141): CWebApplication->runController('img/default-use...')
#1 /opt/lampp/htdocs/yii/framework/base/CApplication.php(184): CWebApplication->processRequest()
#2 /opt/lampp/htdocs/soc-ego/index.php(13): CApplication->run()
#3 {main}
REQUEST_URI=/img/default-user.jpg
HTTP_REFERER=http://soc-ego/
---
2014/09/17 11:04:02 [error] [exception.CHttpException.404] exception 'CHttpException' with message 'Unable to resolve the request "img/default-user.jpg".' in /opt/lampp/htdocs/yii/framework/web/CWebApplication.php:286
Stack trace:
#0 /opt/lampp/htdocs/yii/framework/web/CWebApplication.php(141): CWebApplication->runController('img/default-use...')
#1 /opt/lampp/htdocs/yii/framework/base/CApplication.php(184): CWebApplication->processRequest()
#2 /opt/lampp/htdocs/soc-ego/index.php(13): CApplication->run()
#3 {main}
REQUEST_URI=/img/default-user.jpg
HTTP_REFERER=http://soc-ego/
---
2014/09/17 11:05:01 [error] [exception.CHttpException.404] exception 'CHttpException' with message 'Unable to resolve the request "img/default-user.jpg".' in /opt/lampp/htdocs/yii/framework/web/CWebApplication.php:286
Stack trace:
#0 /opt/lampp/htdocs/yii/framework/web/CWebApplication.php(141): CWebApplication->runController('img/default-use...')
#1 /opt/lampp/htdocs/yii/framework/base/CApplication.php(184): CWebApplication->processRequest()
#2 /opt/lampp/htdocs/soc-ego/index.php(13): CApplication->run()
#3 {main}
REQUEST_URI=/img/default-user.jpg
HTTP_REFERER=http://soc-ego/
---
2014/09/17 11:05:01 [error] [exception.CHttpException.404] exception 'CHttpException' with message 'Unable to resolve the request "img/default-user.jpg".' in /opt/lampp/htdocs/yii/framework/web/CWebApplication.php:286
Stack trace:
#0 /opt/lampp/htdocs/yii/framework/web/CWebApplication.php(141): CWebApplication->runController('img/default-use...')
#1 /opt/lampp/htdocs/yii/framework/base/CApplication.php(184): CWebApplication->processRequest()
#2 /opt/lampp/htdocs/soc-ego/index.php(13): CApplication->run()
#3 {main}
REQUEST_URI=/img/default-user.jpg
HTTP_REFERER=http://soc-ego/
---
2014/09/17 11:09:28 [error] [exception.CHttpException.404] exception 'CHttpException' with message 'Unable to resolve the request "img/default-user.jpg".' in /opt/lampp/htdocs/yii/framework/web/CWebApplication.php:286
Stack trace:
#0 /opt/lampp/htdocs/yii/framework/web/CWebApplication.php(141): CWebApplication->runController('img/default-use...')
#1 /opt/lampp/htdocs/yii/framework/base/CApplication.php(184): CWebApplication->processRequest()
#2 /opt/lampp/htdocs/soc-ego/index.php(13): CApplication->run()
#3 {main}
REQUEST_URI=/img/default-user.jpg
HTTP_REFERER=http://soc-ego/
---
2014/09/17 11:09:28 [error] [exception.CHttpException.404] exception 'CHttpException' with message 'Unable to resolve the request "img/default-user.jpg".' in /opt/lampp/htdocs/yii/framework/web/CWebApplication.php:286
Stack trace:
#0 /opt/lampp/htdocs/yii/framework/web/CWebApplication.php(141): CWebApplication->runController('img/default-use...')
#1 /opt/lampp/htdocs/yii/framework/base/CApplication.php(184): CWebApplication->processRequest()
#2 /opt/lampp/htdocs/soc-ego/index.php(13): CApplication->run()
#3 {main}
REQUEST_URI=/img/default-user.jpg
HTTP_REFERER=http://soc-ego/
---
2014/09/17 11:10:05 [error] [exception.CHttpException.404] exception 'CHttpException' with message 'Unable to resolve the request "img/default-user.jpg".' in /opt/lampp/htdocs/yii/framework/web/CWebApplication.php:286
Stack trace:
#0 /opt/lampp/htdocs/yii/framework/web/CWebApplication.php(141): CWebApplication->runController('img/default-use...')
#1 /opt/lampp/htdocs/yii/framework/base/CApplication.php(184): CWebApplication->processRequest()
#2 /opt/lampp/htdocs/soc-ego/index.php(13): CApplication->run()
#3 {main}
REQUEST_URI=/img/default-user.jpg
HTTP_REFERER=http://soc-ego/
---
2014/09/17 11:10:05 [error] [exception.CHttpException.404] exception 'CHttpException' with message 'Unable to resolve the request "img/default-user.jpg".' in /opt/lampp/htdocs/yii/framework/web/CWebApplication.php:286
Stack trace:
#0 /opt/lampp/htdocs/yii/framework/web/CWebApplication.php(141): CWebApplication->runController('img/default-use...')
#1 /opt/lampp/htdocs/yii/framework/base/CApplication.php(184): CWebApplication->processRequest()
#2 /opt/lampp/htdocs/soc-ego/index.php(13): CApplication->run()
#3 {main}
REQUEST_URI=/img/default-user.jpg
HTTP_REFERER=http://soc-ego/
---
2014/09/17 11:10:49 [error] [exception.CHttpException.404] exception 'CHttpException' with message 'Unable to resolve the request "img/default-user.jpg".' in /opt/lampp/htdocs/yii/framework/web/CWebApplication.php:286
Stack trace:
#0 /opt/lampp/htdocs/yii/framework/web/CWebApplication.php(141): CWebApplication->runController('img/default-use...')
#1 /opt/lampp/htdocs/yii/framework/base/CApplication.php(184): CWebApplication->processRequest()
#2 /opt/lampp/htdocs/soc-ego/index.php(13): CApplication->run()
#3 {main}
REQUEST_URI=/img/default-user.jpg
HTTP_REFERER=http://soc-ego/
---
2014/09/17 11:11:14 [error] [exception.CHttpException.404] exception 'CHttpException' with message 'Unable to resolve the request "img/default-user.jpg".' in /opt/lampp/htdocs/yii/framework/web/CWebApplication.php:286
Stack trace:
#0 /opt/lampp/htdocs/yii/framework/web/CWebApplication.php(141): CWebApplication->runController('img/default-use...')
#1 /opt/lampp/htdocs/yii/framework/base/CApplication.php(184): CWebApplication->processRequest()
#2 /opt/lampp/htdocs/soc-ego/index.php(13): CApplication->run()
#3 {main}
REQUEST_URI=/img/default-user.jpg
HTTP_REFERER=http://soc-ego/
---
2014/09/17 11:11:14 [error] [exception.CHttpException.404] exception 'CHttpException' with message 'Unable to resolve the request "img/default-user.jpg".' in /opt/lampp/htdocs/yii/framework/web/CWebApplication.php:286
Stack trace:
#0 /opt/lampp/htdocs/yii/framework/web/CWebApplication.php(141): CWebApplication->runController('img/default-use...')
#1 /opt/lampp/htdocs/yii/framework/base/CApplication.php(184): CWebApplication->processRequest()
#2 /opt/lampp/htdocs/soc-ego/index.php(13): CApplication->run()
#3 {main}
REQUEST_URI=/img/default-user.jpg
HTTP_REFERER=http://soc-ego/
---
2014/09/17 11:12:30 [error] [exception.CHttpException.404] exception 'CHttpException' with message 'Unable to resolve the request "img/default-user.jpg".' in /opt/lampp/htdocs/yii/framework/web/CWebApplication.php:286
Stack trace:
#0 /opt/lampp/htdocs/yii/framework/web/CWebApplication.php(141): CWebApplication->runController('img/default-use...')
#1 /opt/lampp/htdocs/yii/framework/base/CApplication.php(184): CWebApplication->processRequest()
#2 /opt/lampp/htdocs/soc-ego/index.php(13): CApplication->run()
#3 {main}
REQUEST_URI=/img/default-user.jpg
HTTP_REFERER=http://soc-ego/
---
2014/09/17 11:13:20 [error] [exception.CHttpException.404] exception 'CHttpException' with message 'Unable to resolve the request "img/default-user.jpg".' in /opt/lampp/htdocs/yii/framework/web/CWebApplication.php:286
Stack trace:
#0 /opt/lampp/htdocs/yii/framework/web/CWebApplication.php(141): CWebApplication->runController('img/default-use...')
#1 /opt/lampp/htdocs/yii/framework/base/CApplication.php(184): CWebApplication->processRequest()
#2 /opt/lampp/htdocs/soc-ego/index.php(13): CApplication->run()
#3 {main}
REQUEST_URI=/img/default-user.jpg
HTTP_REFERER=http://soc-ego/
---
2014/09/17 11:13:20 [error] [exception.CHttpException.404] exception 'CHttpException' with message 'Unable to resolve the request "img/default-user.jpg".' in /opt/lampp/htdocs/yii/framework/web/CWebApplication.php:286
Stack trace:
#0 /opt/lampp/htdocs/yii/framework/web/CWebApplication.php(141): CWebApplication->runController('img/default-use...')
#1 /opt/lampp/htdocs/yii/framework/base/CApplication.php(184): CWebApplication->processRequest()
#2 /opt/lampp/htdocs/soc-ego/index.php(13): CApplication->run()
#3 {main}
REQUEST_URI=/img/default-user.jpg
HTTP_REFERER=http://soc-ego/
---
2014/09/17 11:13:42 [error] [exception.CHttpException.404] exception 'CHttpException' with message 'Unable to resolve the request "img/default-user.jpg".' in /opt/lampp/htdocs/yii/framework/web/CWebApplication.php:286
Stack trace:
#0 /opt/lampp/htdocs/yii/framework/web/CWebApplication.php(141): CWebApplication->runController('img/default-use...')
#1 /opt/lampp/htdocs/yii/framework/base/CApplication.php(184): CWebApplication->processRequest()
#2 /opt/lampp/htdocs/soc-ego/index.php(13): CApplication->run()
#3 {main}
REQUEST_URI=/img/default-user.jpg
HTTP_REFERER=http://soc-ego/
---
2014/09/17 11:13:42 [error] [exception.CHttpException.404] exception 'CHttpException' with message 'Unable to resolve the request "img/default-user.jpg".' in /opt/lampp/htdocs/yii/framework/web/CWebApplication.php:286
Stack trace:
#0 /opt/lampp/htdocs/yii/framework/web/CWebApplication.php(141): CWebApplication->runController('img/default-use...')
#1 /opt/lampp/htdocs/yii/framework/base/CApplication.php(184): CWebApplication->processRequest()
#2 /opt/lampp/htdocs/soc-ego/index.php(13): CApplication->run()
#3 {main}
REQUEST_URI=/img/default-user.jpg
HTTP_REFERER=http://soc-ego/
---
2014/09/17 11:14:39 [error] [exception.CHttpException.404] exception 'CHttpException' with message 'Unable to resolve the request "img/default-user.jpg".' in /opt/lampp/htdocs/yii/framework/web/CWebApplication.php:286
Stack trace:
#0 /opt/lampp/htdocs/yii/framework/web/CWebApplication.php(141): CWebApplication->runController('img/default-use...')
#1 /opt/lampp/htdocs/yii/framework/base/CApplication.php(184): CWebApplication->processRequest()
#2 /opt/lampp/htdocs/soc-ego/index.php(13): CApplication->run()
#3 {main}
REQUEST_URI=/img/default-user.jpg
HTTP_REFERER=http://soc-ego/
---
2014/09/17 11:14:39 [error] [exception.CHttpException.404] exception 'CHttpException' with message 'Unable to resolve the request "img/default-user.jpg".' in /opt/lampp/htdocs/yii/framework/web/CWebApplication.php:286
Stack trace:
#0 /opt/lampp/htdocs/yii/framework/web/CWebApplication.php(141): CWebApplication->runController('img/default-use...')
#1 /opt/lampp/htdocs/yii/framework/base/CApplication.php(184): CWebApplication->processRequest()
#2 /opt/lampp/htdocs/soc-ego/index.php(13): CApplication->run()
#3 {main}
REQUEST_URI=/img/default-user.jpg
HTTP_REFERER=http://soc-ego/
---
2014/09/17 11:14:55 [error] [exception.CHttpException.404] exception 'CHttpException' with message 'Unable to resolve the request "img/default-user.jpg".' in /opt/lampp/htdocs/yii/framework/web/CWebApplication.php:286
Stack trace:
#0 /opt/lampp/htdocs/yii/framework/web/CWebApplication.php(141): CWebApplication->runController('img/default-use...')
#1 /opt/lampp/htdocs/yii/framework/base/CApplication.php(184): CWebApplication->processRequest()
#2 /opt/lampp/htdocs/soc-ego/index.php(13): CApplication->run()
#3 {main}
REQUEST_URI=/img/default-user.jpg
HTTP_REFERER=http://soc-ego/
---
2014/09/17 11:14:55 [error] [exception.CHttpException.404] exception 'CHttpException' with message 'Unable to resolve the request "img/default-user.jpg".' in /opt/lampp/htdocs/yii/framework/web/CWebApplication.php:286
Stack trace:
#0 /opt/lampp/htdocs/yii/framework/web/CWebApplication.php(141): CWebApplication->runController('img/default-use...')
#1 /opt/lampp/htdocs/yii/framework/base/CApplication.php(184): CWebApplication->processRequest()
#2 /opt/lampp/htdocs/soc-ego/index.php(13): CApplication->run()
#3 {main}
REQUEST_URI=/img/default-user.jpg
HTTP_REFERER=http://soc-ego/
---
2014/09/17 11:22:08 [error] [exception.CHttpException.404] exception 'CHttpException' with message 'Unable to resolve the request "img/default-user.jpg".' in /opt/lampp/htdocs/yii/framework/web/CWebApplication.php:286
Stack trace:
#0 /opt/lampp/htdocs/yii/framework/web/CWebApplication.php(141): CWebApplication->runController('img/default-use...')
#1 /opt/lampp/htdocs/yii/framework/base/CApplication.php(184): CWebApplication->processRequest()
#2 /opt/lampp/htdocs/soc-ego/index.php(13): CApplication->run()
#3 {main}
REQUEST_URI=/img/default-user.jpg
HTTP_REFERER=http://soc-ego/
---
2014/09/17 11:22:08 [error] [exception.CHttpException.404] exception 'CHttpException' with message 'Unable to resolve the request "img/default-user.jpg".' in /opt/lampp/htdocs/yii/framework/web/CWebApplication.php:286
Stack trace:
#0 /opt/lampp/htdocs/yii/framework/web/CWebApplication.php(141): CWebApplication->runController('img/default-use...')
#1 /opt/lampp/htdocs/yii/framework/base/CApplication.php(184): CWebApplication->processRequest()
#2 /opt/lampp/htdocs/soc-ego/index.php(13): CApplication->run()
#3 {main}
REQUEST_URI=/img/default-user.jpg
HTTP_REFERER=http://soc-ego/
---
2014/09/17 11:25:25 [error] [php] Undefined variable: avatar_id (/opt/lampp/htdocs/soc-ego/protected/views/site/index.php:95)
Stack trace:
#0 /opt/lampp/htdocs/yii/framework/web/CController.php(869): SiteController->renderFile()
#1 /opt/lampp/htdocs/yii/framework/web/CController.php(782): SiteController->renderPartial()
#2 /opt/lampp/htdocs/soc-ego/protected/controllers/SiteController.php(53): SiteController->render()
#3 /opt/lampp/htdocs/yii/framework/web/actions/CInlineAction.php(49): SiteController->actionIndex()
#4 /opt/lampp/htdocs/yii/framework/web/CController.php(308): CInlineAction->runWithParams()
#5 /opt/lampp/htdocs/yii/framework/web/CController.php(286): SiteController->runAction()
#6 /opt/lampp/htdocs/yii/framework/web/CController.php(265): SiteController->runActionWithFilters()
#7 /opt/lampp/htdocs/yii/framework/web/CWebApplication.php(282): SiteController->run()
#8 /opt/lampp/htdocs/yii/framework/web/CWebApplication.php(141): CWebApplication->runController()
#9 /opt/lampp/htdocs/yii/framework/base/CApplication.php(184): CWebApplication->processRequest()
#10 /opt/lampp/htdocs/soc-ego/index.php(13): CWebApplication->run()
REQUEST_URI=/
in /opt/lampp/htdocs/soc-ego/protected/views/site/index.php (95)
in /opt/lampp/htdocs/soc-ego/protected/controllers/SiteController.php (53)
in /opt/lampp/htdocs/soc-ego/index.php (13)
2014/09/17 11:25:31 [error] [php] Undefined variable: avatar_id (/opt/lampp/htdocs/soc-ego/protected/views/site/index.php:95)
Stack trace:
#0 /opt/lampp/htdocs/yii/framework/web/CController.php(869): SiteController->renderFile()
#1 /opt/lampp/htdocs/yii/framework/web/CController.php(782): SiteController->renderPartial()
#2 /opt/lampp/htdocs/soc-ego/protected/controllers/SiteController.php(53): SiteController->render()
#3 /opt/lampp/htdocs/yii/framework/web/actions/CInlineAction.php(49): SiteController->actionIndex()
#4 /opt/lampp/htdocs/yii/framework/web/CController.php(308): CInlineAction->runWithParams()
#5 /opt/lampp/htdocs/yii/framework/web/CController.php(286): SiteController->runAction()
#6 /opt/lampp/htdocs/yii/framework/web/CController.php(265): SiteController->runActionWithFilters()
#7 /opt/lampp/htdocs/yii/framework/web/CWebApplication.php(282): SiteController->run()
#8 /opt/lampp/htdocs/yii/framework/web/CWebApplication.php(141): CWebApplication->runController()
#9 /opt/lampp/htdocs/yii/framework/base/CApplication.php(184): CWebApplication->processRequest()
#10 /opt/lampp/htdocs/soc-ego/index.php(13): CWebApplication->run()
REQUEST_URI=/
in /opt/lampp/htdocs/soc-ego/protected/views/site/index.php (95)
in /opt/lampp/htdocs/soc-ego/protected/controllers/SiteController.php (53)
in /opt/lampp/htdocs/soc-ego/index.php (13)
2014/09/17 11:26:21 [error] [exception.CHttpException.404] exception 'CHttpException' with message 'Unable to resolve the request "img/default-user.jpg".' in /opt/lampp/htdocs/yii/framework/web/CWebApplication.php:286
Stack trace:
#0 /opt/lampp/htdocs/yii/framework/web/CWebApplication.php(141): CWebApplication->runController('img/default-use...')
#1 /opt/lampp/htdocs/yii/framework/base/CApplication.php(184): CWebApplication->processRequest()
#2 /opt/lampp/htdocs/soc-ego/index.php(13): CApplication->run()
#3 {main}
REQUEST_URI=/img/default-user.jpg
HTTP_REFERER=http://soc-ego/
---
2014/09/17 11:26:21 [error] [exception.CHttpException.404] exception 'CHttpException' with message 'Unable to resolve the request "img/default-user.jpg".' in /opt/lampp/htdocs/yii/framework/web/CWebApplication.php:286
Stack trace:
#0 /opt/lampp/htdocs/yii/framework/web/CWebApplication.php(141): CWebApplication->runController('img/default-use...')
#1 /opt/lampp/htdocs/yii/framework/base/CApplication.php(184): CWebApplication->processRequest()
#2 /opt/lampp/htdocs/soc-ego/index.php(13): CApplication->run()
#3 {main}
REQUEST_URI=/img/default-user.jpg
HTTP_REFERER=http://soc-ego/
---
2014/09/17 11:51:57 [error] [exception.CHttpException.404] exception 'CHttpException' with message 'Unable to resolve the request "img/default-user.jpg".' in /opt/lampp/htdocs/yii/framework/web/CWebApplication.php:286
Stack trace:
#0 /opt/lampp/htdocs/yii/framework/web/CWebApplication.php(141): CWebApplication->runController('img/default-use...')
#1 /opt/lampp/htdocs/yii/framework/base/CApplication.php(184): CWebApplication->processRequest()
#2 /opt/lampp/htdocs/soc-ego/index.php(13): CApplication->run()
#3 {main}
REQUEST_URI=/img/default-user.jpg
HTTP_REFERER=http://soc-ego/
---
2014/09/17 11:51:57 [error] [exception.CHttpException.404] exception 'CHttpException' with message 'Unable to resolve the request "img/default-user.jpg".' in /opt/lampp/htdocs/yii/framework/web/CWebApplication.php:286
Stack trace:
#0 /opt/lampp/htdocs/yii/framework/web/CWebApplication.php(141): CWebApplication->runController('img/default-use...')
#1 /opt/lampp/htdocs/yii/framework/base/CApplication.php(184): CWebApplication->processRequest()
#2 /opt/lampp/htdocs/soc-ego/index.php(13): CApplication->run()
#3 {main}
REQUEST_URI=/img/default-user.jpg
HTTP_REFERER=http://soc-ego/
---
2014/09/17 11:54:15 [error] [exception.CHttpException.404] exception 'CHttpException' with message 'Unable to resolve the request "img/default-user.jpg".' in /opt/lampp/htdocs/yii/framework/web/CWebApplication.php:286
Stack trace:
#0 /opt/lampp/htdocs/yii/framework/web/CWebApplication.php(141): CWebApplication->runController('img/default-use...')
#1 /opt/lampp/htdocs/yii/framework/base/CApplication.php(184): CWebApplication->processRequest()
#2 /opt/lampp/htdocs/soc-ego/index.php(13): CApplication->run()
#3 {main}
REQUEST_URI=/img/default-user.jpg
HTTP_REFERER=http://soc-ego/
---
2014/09/17 11:54:15 [error] [exception.CHttpException.404] exception 'CHttpException' with message 'Unable to resolve the request "img/default-user.jpg".' in /opt/lampp/htdocs/yii/framework/web/CWebApplication.php:286
Stack trace:
#0 /opt/lampp/htdocs/yii/framework/web/CWebApplication.php(141): CWebApplication->runController('img/default-use...')
#1 /opt/lampp/htdocs/yii/framework/base/CApplication.php(184): CWebApplication->processRequest()
#2 /opt/lampp/htdocs/soc-ego/index.php(13): CApplication->run()
#3 {main}
REQUEST_URI=/img/default-user.jpg
HTTP_REFERER=http://soc-ego/
---
2014/09/17 11:54:18 [error] [exception.CHttpException.404] exception 'CHttpException' with message 'Unable to resolve the request "img/default-user.jpg".' in /opt/lampp/htdocs/yii/framework/web/CWebApplication.php:286
Stack trace:
#0 /opt/lampp/htdocs/yii/framework/web/CWebApplication.php(141): CWebApplication->runController('img/default-use...')
#1 /opt/lampp/htdocs/yii/framework/base/CApplication.php(184): CWebApplication->processRequest()
#2 /opt/lampp/htdocs/soc-ego/index.php(13): CApplication->run()
#3 {main}
REQUEST_URI=/img/default-user.jpg
HTTP_REFERER=http://soc-ego/
---
2014/09/17 11:54:37 [error] [exception.CHttpException.404] exception 'CHttpException' with message 'Unable to resolve the request "img/default-user.jpg".' in /opt/lampp/htdocs/yii/framework/web/CWebApplication.php:286
Stack trace:
#0 /opt/lampp/htdocs/yii/framework/web/CWebApplication.php(141): CWebApplication->runController('img/default-use...')
#1 /opt/lampp/htdocs/yii/framework/base/CApplication.php(184): CWebApplication->processRequest()
#2 /opt/lampp/htdocs/soc-ego/index.php(13): CApplication->run()
#3 {main}
REQUEST_URI=/img/default-user.jpg
HTTP_REFERER=http://soc-ego/
---
2014/09/17 11:54:37 [error] [exception.CHttpException.404] exception 'CHttpException' with message 'Unable to resolve the request "img/default-user.jpg".' in /opt/lampp/htdocs/yii/framework/web/CWebApplication.php:286
Stack trace:
#0 /opt/lampp/htdocs/yii/framework/web/CWebApplication.php(141): CWebApplication->runController('img/default-use...')
#1 /opt/lampp/htdocs/yii/framework/base/CApplication.php(184): CWebApplication->processRequest()
#2 /opt/lampp/htdocs/soc-ego/index.php(13): CApplication->run()
#3 {main}
REQUEST_URI=/img/default-user.jpg
HTTP_REFERER=http://soc-ego/
---
2014/09/17 11:54:40 [error] [exception.CHttpException.404] exception 'CHttpException' with message 'Unable to resolve the request "img/default-user.jpg".' in /opt/lampp/htdocs/yii/framework/web/CWebApplication.php:286
Stack trace:
#0 /opt/lampp/htdocs/yii/framework/web/CWebApplication.php(141): CWebApplication->runController('img/default-use...')
#1 /opt/lampp/htdocs/yii/framework/base/CApplication.php(184): CWebApplication->processRequest()
#2 /opt/lampp/htdocs/soc-ego/index.php(13): CApplication->run()
#3 {main}
REQUEST_URI=/img/default-user.jpg
HTTP_REFERER=http://soc-ego/
---
2014/09/17 11:55:02 [error] [exception.CHttpException.404] exception 'CHttpException' with message 'Unable to resolve the request "img/default-user.jpg".' in /opt/lampp/htdocs/yii/framework/web/CWebApplication.php:286
Stack trace:
#0 /opt/lampp/htdocs/yii/framework/web/CWebApplication.php(141): CWebApplication->runController('img/default-use...')
#1 /opt/lampp/htdocs/yii/framework/base/CApplication.php(184): CWebApplication->processRequest()
#2 /opt/lampp/htdocs/soc-ego/index.php(13): CApplication->run()
#3 {main}
REQUEST_URI=/img/default-user.jpg
HTTP_REFERER=http://soc-ego/
---
2014/09/17 11:55:02 [error] [exception.CHttpException.404] exception 'CHttpException' with message 'Unable to resolve the request "img/default-user.jpg".' in /opt/lampp/htdocs/yii/framework/web/CWebApplication.php:286
Stack trace:
#0 /opt/lampp/htdocs/yii/framework/web/CWebApplication.php(141): CWebApplication->runController('img/default-use...')
#1 /opt/lampp/htdocs/yii/framework/base/CApplication.php(184): CWebApplication->processRequest()
#2 /opt/lampp/htdocs/soc-ego/index.php(13): CApplication->run()
#3 {main}
REQUEST_URI=/img/default-user.jpg
HTTP_REFERER=http://soc-ego/
---
2014/09/17 11:55:43 [error] [exception.CHttpException.404] exception 'CHttpException' with message 'Unable to resolve the request "img/default-user.jpg".' in /opt/lampp/htdocs/yii/framework/web/CWebApplication.php:286
Stack trace:
#0 /opt/lampp/htdocs/yii/framework/web/CWebApplication.php(141): CWebApplication->runController('img/default-use...')
#1 /opt/lampp/htdocs/yii/framework/base/CApplication.php(184): CWebApplication->processRequest()
#2 /opt/lampp/htdocs/soc-ego/index.php(13): CApplication->run()
#3 {main}
REQUEST_URI=/img/default-user.jpg
HTTP_REFERER=http://soc-ego/
---
2014/09/17 11:55:43 [error] [exception.CHttpException.404] exception 'CHttpException' with message 'Unable to resolve the request "img/default-user.jpg".' in /opt/lampp/htdocs/yii/framework/web/CWebApplication.php:286
Stack trace:
#0 /opt/lampp/htdocs/yii/framework/web/CWebApplication.php(141): CWebApplication->runController('img/default-use...')
#1 /opt/lampp/htdocs/yii/framework/base/CApplication.php(184): CWebApplication->processRequest()
#2 /opt/lampp/htdocs/soc-ego/index.php(13): CApplication->run()
#3 {main}
REQUEST_URI=/img/default-user.jpg
HTTP_REFERER=http://soc-ego/
---
2014/09/17 11:56:36 [error] [exception.CHttpException.404] exception 'CHttpException' with message 'Unable to resolve the request "img/default-user.jpg".' in /opt/lampp/htdocs/yii/framework/web/CWebApplication.php:286
Stack trace:
#0 /opt/lampp/htdocs/yii/framework/web/CWebApplication.php(141): CWebApplication->runController('img/default-use...')
#1 /opt/lampp/htdocs/yii/framework/base/CApplication.php(184): CWebApplication->processRequest()
#2 /opt/lampp/htdocs/soc-ego/index.php(13): CApplication->run()
#3 {main}
REQUEST_URI=/img/default-user.jpg
HTTP_REFERER=http://soc-ego/
---
2014/09/17 11:56:36 [error] [exception.CHttpException.404] exception 'CHttpException' with message 'Unable to resolve the request "img/default-user.jpg".' in /opt/lampp/htdocs/yii/framework/web/CWebApplication.php:286
Stack trace:
#0 /opt/lampp/htdocs/yii/framework/web/CWebApplication.php(141): CWebApplication->runController('img/default-use...')
#1 /opt/lampp/htdocs/yii/framework/base/CApplication.php(184): CWebApplication->processRequest()
#2 /opt/lampp/htdocs/soc-ego/index.php(13): CApplication->run()
#3 {main}
REQUEST_URI=/img/default-user.jpg
HTTP_REFERER=http://soc-ego/
---
2014/09/17 11:56:58 [error] [exception.CHttpException.404] exception 'CHttpException' with message 'Unable to resolve the request "img/default-user.jpg".' in /opt/lampp/htdocs/yii/framework/web/CWebApplication.php:286
Stack trace:
#0 /opt/lampp/htdocs/yii/framework/web/CWebApplication.php(141): CWebApplication->runController('img/default-use...')
#1 /opt/lampp/htdocs/yii/framework/base/CApplication.php(184): CWebApplication->processRequest()
#2 /opt/lampp/htdocs/soc-ego/index.php(13): CApplication->run()
#3 {main}
REQUEST_URI=/img/default-user.jpg
HTTP_REFERER=http://soc-ego/
---
2014/09/17 11:56:58 [error] [exception.CHttpException.404] exception 'CHttpException' with message 'Unable to resolve the request "img/default-user.jpg".' in /opt/lampp/htdocs/yii/framework/web/CWebApplication.php:286
Stack trace:
#0 /opt/lampp/htdocs/yii/framework/web/CWebApplication.php(141): CWebApplication->runController('img/default-use...')
#1 /opt/lampp/htdocs/yii/framework/base/CApplication.php(184): CWebApplication->processRequest()
#2 /opt/lampp/htdocs/soc-ego/index.php(13): CApplication->run()
#3 {main}
REQUEST_URI=/img/default-user.jpg
HTTP_REFERER=http://soc-ego/
---
2014/09/17 11:57:37 [error] [exception.CHttpException.404] exception 'CHttpException' with message 'Unable to resolve the request "img/default-user.jpg".' in /opt/lampp/htdocs/yii/framework/web/CWebApplication.php:286
Stack trace:
#0 /opt/lampp/htdocs/yii/framework/web/CWebApplication.php(141): CWebApplication->runController('img/default-use...')
#1 /opt/lampp/htdocs/yii/framework/base/CApplication.php(184): CWebApplication->processRequest()
#2 /opt/lampp/htdocs/soc-ego/index.php(13): CApplication->run()
#3 {main}
REQUEST_URI=/img/default-user.jpg
HTTP_REFERER=http://soc-ego/
---
2014/09/17 11:58:30 [error] [exception.CHttpException.404] exception 'CHttpException' with message 'Unable to resolve the request "img/default-user.jpg".' in /opt/lampp/htdocs/yii/framework/web/CWebApplication.php:286
Stack trace:
#0 /opt/lampp/htdocs/yii/framework/web/CWebApplication.php(141): CWebApplication->runController('img/default-use...')
#1 /opt/lampp/htdocs/yii/framework/base/CApplication.php(184): CWebApplication->processRequest()
#2 /opt/lampp/htdocs/soc-ego/index.php(13): CApplication->run()
#3 {main}
REQUEST_URI=/img/default-user.jpg
HTTP_REFERER=http://soc-ego/
---
2014/09/17 11:58:30 [error] [exception.CHttpException.404] exception 'CHttpException' with message 'Unable to resolve the request "img/default-user.jpg".' in /opt/lampp/htdocs/yii/framework/web/CWebApplication.php:286
Stack trace:
#0 /opt/lampp/htdocs/yii/framework/web/CWebApplication.php(141): CWebApplication->runController('img/default-use...')
#1 /opt/lampp/htdocs/yii/framework/base/CApplication.php(184): CWebApplication->processRequest()
#2 /opt/lampp/htdocs/soc-ego/index.php(13): CApplication->run()
#3 {main}
REQUEST_URI=/img/default-user.jpg
HTTP_REFERER=http://soc-ego/
---
2014/09/17 11:58:46 [error] [exception.CHttpException.404] exception 'CHttpException' with message 'Unable to resolve the request "img/default-user.jpg".' in /opt/lampp/htdocs/yii/framework/web/CWebApplication.php:286
Stack trace:
#0 /opt/lampp/htdocs/yii/framework/web/CWebApplication.php(141): CWebApplication->runController('img/default-use...')
#1 /opt/lampp/htdocs/yii/framework/base/CApplication.php(184): CWebApplication->processRequest()
#2 /opt/lampp/htdocs/soc-ego/index.php(13): CApplication->run()
#3 {main}
REQUEST_URI=/img/default-user.jpg
HTTP_REFERER=http://soc-ego/
---
2014/09/17 11:59:01 [error] [exception.CHttpException.404] exception 'CHttpException' with message 'Unable to resolve the request "img/default-user.jpg".' in /opt/lampp/htdocs/yii/framework/web/CWebApplication.php:286
Stack trace:
#0 /opt/lampp/htdocs/yii/framework/web/CWebApplication.php(141): CWebApplication->runController('img/default-use...')
#1 /opt/lampp/htdocs/yii/framework/base/CApplication.php(184): CWebApplication->processRequest()
#2 /opt/lampp/htdocs/soc-ego/index.php(13): CApplication->run()
#3 {main}
REQUEST_URI=/img/default-user.jpg
HTTP_REFERER=http://soc-ego/
---
2014/09/17 11:59:01 [error] [exception.CHttpException.404] exception 'CHttpException' with message 'Unable to resolve the request "img/default-user.jpg".' in /opt/lampp/htdocs/yii/framework/web/CWebApplication.php:286
Stack trace:
#0 /opt/lampp/htdocs/yii/framework/web/CWebApplication.php(141): CWebApplication->runController('img/default-use...')
#1 /opt/lampp/htdocs/yii/framework/base/CApplication.php(184): CWebApplication->processRequest()
#2 /opt/lampp/htdocs/soc-ego/index.php(13): CApplication->run()
#3 {main}
REQUEST_URI=/img/default-user.jpg
HTTP_REFERER=http://soc-ego/
---
2014/09/17 12:16:00 [error] [exception.CHttpException.404] exception 'CHttpException' with message 'Unable to resolve the request "img/default-user.jpg".' in /opt/lampp/htdocs/yii/framework/web/CWebApplication.php:286
Stack trace:
#0 /opt/lampp/htdocs/yii/framework/web/CWebApplication.php(141): CWebApplication->runController('img/default-use...')
#1 /opt/lampp/htdocs/yii/framework/base/CApplication.php(184): CWebApplication->processRequest()
#2 /opt/lampp/htdocs/soc-ego/index.php(13): CApplication->run()
#3 {main}
REQUEST_URI=/img/default-user.jpg
HTTP_REFERER=http://soc-ego/
---
2014/09/17 12:16:00 [error] [exception.CHttpException.404] exception 'CHttpException' with message 'Unable to resolve the request "img/default-user.jpg".' in /opt/lampp/htdocs/yii/framework/web/CWebApplication.php:286
Stack trace:
#0 /opt/lampp/htdocs/yii/framework/web/CWebApplication.php(141): CWebApplication->runController('img/default-use...')
#1 /opt/lampp/htdocs/yii/framework/base/CApplication.php(184): CWebApplication->processRequest()
#2 /opt/lampp/htdocs/soc-ego/index.php(13): CApplication->run()
#3 {main}
REQUEST_URI=/img/default-user.jpg
HTTP_REFERER=http://soc-ego/
---
2014/09/17 12:16:02 [error] [exception.CHttpException.404] exception 'CHttpException' with message 'Unable to resolve the request "img/default-user.jpg".' in /opt/lampp/htdocs/yii/framework/web/CWebApplication.php:286
Stack trace:
#0 /opt/lampp/htdocs/yii/framework/web/CWebApplication.php(141): CWebApplication->runController('img/default-use...')
#1 /opt/lampp/htdocs/yii/framework/base/CApplication.php(184): CWebApplication->processRequest()
#2 /opt/lampp/htdocs/soc-ego/index.php(13): CApplication->run()
#3 {main}
REQUEST_URI=/img/default-user.jpg
HTTP_REFERER=http://soc-ego/
---
2014/09/17 12:16:55 [error] [exception.CHttpException.404] exception 'CHttpException' with message 'Unable to resolve the request "img/default-user.jpg".' in /opt/lampp/htdocs/yii/framework/web/CWebApplication.php:286
Stack trace:
#0 /opt/lampp/htdocs/yii/framework/web/CWebApplication.php(141): CWebApplication->runController('img/default-use...')
#1 /opt/lampp/htdocs/yii/framework/base/CApplication.php(184): CWebApplication->processRequest()
#2 /opt/lampp/htdocs/soc-ego/index.php(13): CApplication->run()
#3 {main}
REQUEST_URI=/img/default-user.jpg
HTTP_REFERER=http://soc-ego/
---
2014/09/17 12:16:55 [error] [exception.CHttpException.404] exception 'CHttpException' with message 'Unable to resolve the request "img/default-user.jpg".' in /opt/lampp/htdocs/yii/framework/web/CWebApplication.php:286
Stack trace:
#0 /opt/lampp/htdocs/yii/framework/web/CWebApplication.php(141): CWebApplication->runController('img/default-use...')
#1 /opt/lampp/htdocs/yii/framework/base/CApplication.php(184): CWebApplication->processRequest()
#2 /opt/lampp/htdocs/soc-ego/index.php(13): CApplication->run()
#3 {main}
REQUEST_URI=/img/default-user.jpg
HTTP_REFERER=http://soc-ego/
---
2014/09/17 12:17:52 [error] [exception.CHttpException.404] exception 'CHttpException' with message 'Unable to resolve the request "img/default-user.jpg".' in /opt/lampp/htdocs/yii/framework/web/CWebApplication.php:286
Stack trace:
#0 /opt/lampp/htdocs/yii/framework/web/CWebApplication.php(141): CWebApplication->runController('img/default-use...')
#1 /opt/lampp/htdocs/yii/framework/base/CApplication.php(184): CWebApplication->processRequest()
#2 /opt/lampp/htdocs/soc-ego/index.php(13): CApplication->run()
#3 {main}
REQUEST_URI=/img/default-user.jpg
HTTP_REFERER=http://soc-ego/
---
2014/09/17 12:17:52 [error] [exception.CHttpException.404] exception 'CHttpException' with message 'Unable to resolve the request "img/default-user.jpg".' in /opt/lampp/htdocs/yii/framework/web/CWebApplication.php:286
Stack trace:
#0 /opt/lampp/htdocs/yii/framework/web/CWebApplication.php(141): CWebApplication->runController('img/default-use...')
#1 /opt/lampp/htdocs/yii/framework/base/CApplication.php(184): CWebApplication->processRequest()
#2 /opt/lampp/htdocs/soc-ego/index.php(13): CApplication->run()
#3 {main}
REQUEST_URI=/img/default-user.jpg
HTTP_REFERER=http://soc-ego/
---
2014/09/17 12:19:52 [error] [exception.CHttpException.404] exception 'CHttpException' with message 'Unable to resolve the request "img/default-user.jpg".' in /opt/lampp/htdocs/yii/framework/web/CWebApplication.php:286
Stack trace:
#0 /opt/lampp/htdocs/yii/framework/web/CWebApplication.php(141): CWebApplication->runController('img/default-use...')
#1 /opt/lampp/htdocs/yii/framework/base/CApplication.php(184): CWebApplication->processRequest()
#2 /opt/lampp/htdocs/soc-ego/index.php(13): CApplication->run()
#3 {main}
REQUEST_URI=/img/default-user.jpg
HTTP_REFERER=http://soc-ego/
---
2014/09/17 12:19:52 [error] [exception.CHttpException.404] exception 'CHttpException' with message 'Unable to resolve the request "img/default-user.jpg".' in /opt/lampp/htdocs/yii/framework/web/CWebApplication.php:286
Stack trace:
#0 /opt/lampp/htdocs/yii/framework/web/CWebApplication.php(141): CWebApplication->runController('img/default-use...')
#1 /opt/lampp/htdocs/yii/framework/base/CApplication.php(184): CWebApplication->processRequest()
#2 /opt/lampp/htdocs/soc-ego/index.php(13): CApplication->run()
#3 {main}
REQUEST_URI=/img/default-user.jpg
HTTP_REFERER=http://soc-ego/
---
2014/09/17 12:20:34 [error] [exception.CHttpException.404] exception 'CHttpException' with message 'Unable to resolve the request "img/default-user.jpg".' in /opt/lampp/htdocs/yii/framework/web/CWebApplication.php:286
Stack trace:
#0 /opt/lampp/htdocs/yii/framework/web/CWebApplication.php(141): CWebApplication->runController('img/default-use...')
#1 /opt/lampp/htdocs/yii/framework/base/CApplication.php(184): CWebApplication->processRequest()
#2 /opt/lampp/htdocs/soc-ego/index.php(13): CApplication->run()
#3 {main}
REQUEST_URI=/img/default-user.jpg
HTTP_REFERER=http://soc-ego/
---
2014/09/17 12:21:29 [error] [exception.CHttpException.404] exception 'CHttpException' with message 'Unable to resolve the request "img/default-user.jpg".' in /opt/lampp/htdocs/yii/framework/web/CWebApplication.php:286
Stack trace:
#0 /opt/lampp/htdocs/yii/framework/web/CWebApplication.php(141): CWebApplication->runController('img/default-use...')
#1 /opt/lampp/htdocs/yii/framework/base/CApplication.php(184): CWebApplication->processRequest()
#2 /opt/lampp/htdocs/soc-ego/index.php(13): CApplication->run()
#3 {main}
REQUEST_URI=/img/default-user.jpg
HTTP_REFERER=http://soc-ego/
---
2014/09/17 12:21:29 [error] [exception.CHttpException.404] exception 'CHttpException' with message 'Unable to resolve the request "img/default-user.jpg".' in /opt/lampp/htdocs/yii/framework/web/CWebApplication.php:286
Stack trace:
#0 /opt/lampp/htdocs/yii/framework/web/CWebApplication.php(141): CWebApplication->runController('img/default-use...')
#1 /opt/lampp/htdocs/yii/framework/base/CApplication.php(184): CWebApplication->processRequest()
#2 /opt/lampp/htdocs/soc-ego/index.php(13): CApplication->run()
#3 {main}
REQUEST_URI=/img/default-user.jpg
HTTP_REFERER=http://soc-ego/
---
2014/09/17 12:21:31 [error] [php] Array to string conversion (/opt/lampp/htdocs/soc-ego/protected/controllers/SiteController.php:116)
Stack trace:
#0 /opt/lampp/htdocs/yii/framework/web/CController.php(286): SiteController->runAction()
#1 /opt/lampp/htdocs/yii/framework/web/CController.php(265): SiteController->runActionWithFilters()
#2 /opt/lampp/htdocs/yii/framework/web/CWebApplication.php(282): SiteController->run()
#3 /opt/lampp/htdocs/yii/framework/web/CWebApplication.php(141): CWebApplication->runController()
#4 /opt/lampp/htdocs/yii/framework/base/CApplication.php(184): CWebApplication->processRequest()
#5 /opt/lampp/htdocs/soc-ego/index.php(13): CWebApplication->run()
REQUEST_URI=/commentsadd
in /opt/lampp/htdocs/soc-ego/protected/controllers/SiteController.php (116)
in /opt/lampp/htdocs/soc-ego/index.php (13)
2014/09/17 12:22:11 [error] [exception.CHttpException.404] exception 'CHttpException' with message 'Unable to resolve the request "img/default-user.jpg".' in /opt/lampp/htdocs/yii/framework/web/CWebApplication.php:286
Stack trace:
#0 /opt/lampp/htdocs/yii/framework/web/CWebApplication.php(141): CWebApplication->runController('img/default-use...')
#1 /opt/lampp/htdocs/yii/framework/base/CApplication.php(184): CWebApplication->processRequest()
#2 /opt/lampp/htdocs/soc-ego/index.php(13): CApplication->run()
#3 {main}
REQUEST_URI=/img/default-user.jpg
HTTP_REFERER=http://soc-ego/
---
2014/09/17 12:22:11 [error] [exception.CHttpException.404] exception 'CHttpException' with message 'Unable to resolve the request "img/default-user.jpg".' in /opt/lampp/htdocs/yii/framework/web/CWebApplication.php:286
Stack trace:
#0 /opt/lampp/htdocs/yii/framework/web/CWebApplication.php(141): CWebApplication->runController('img/default-use...')
#1 /opt/lampp/htdocs/yii/framework/base/CApplication.php(184): CWebApplication->processRequest()
#2 /opt/lampp/htdocs/soc-ego/index.php(13): CApplication->run()
#3 {main}
REQUEST_URI=/img/default-user.jpg
HTTP_REFERER=http://soc-ego/
---
2014/09/17 12:22:37 [error] [exception.CHttpException.404] exception 'CHttpException' with message 'Unable to resolve the request "img/default-user.jpg".' in /opt/lampp/htdocs/yii/framework/web/CWebApplication.php:286
Stack trace:
#0 /opt/lampp/htdocs/yii/framework/web/CWebApplication.php(141): CWebApplication->runController('img/default-use...')
#1 /opt/lampp/htdocs/yii/framework/base/CApplication.php(184): CWebApplication->processRequest()
#2 /opt/lampp/htdocs/soc-ego/index.php(13): CApplication->run()
#3 {main}
REQUEST_URI=/img/default-user.jpg
HTTP_REFERER=http://soc-ego/
---
2014/09/17 12:22:37 [error] [exception.CHttpException.404] exception 'CHttpException' with message 'Unable to resolve the request "img/default-user.jpg".' in /opt/lampp/htdocs/yii/framework/web/CWebApplication.php:286
Stack trace:
#0 /opt/lampp/htdocs/yii/framework/web/CWebApplication.php(141): CWebApplication->runController('img/default-use...')
#1 /opt/lampp/htdocs/yii/framework/base/CApplication.php(184): CWebApplication->processRequest()
#2 /opt/lampp/htdocs/soc-ego/index.php(13): CApplication->run()
#3 {main}
REQUEST_URI=/img/default-user.jpg
HTTP_REFERER=http://soc-ego/
---
2014/09/17 12:23:29 [error] [exception.CHttpException.404] exception 'CHttpException' with message 'Unable to resolve the request "img/default-user.jpg".' in /opt/lampp/htdocs/yii/framework/web/CWebApplication.php:286
Stack trace:
#0 /opt/lampp/htdocs/yii/framework/web/CWebApplication.php(141): CWebApplication->runController('img/default-use...')
#1 /opt/lampp/htdocs/yii/framework/base/CApplication.php(184): CWebApplication->processRequest()
#2 /opt/lampp/htdocs/soc-ego/index.php(13): CApplication->run()
#3 {main}
REQUEST_URI=/img/default-user.jpg
HTTP_REFERER=http://soc-ego/
---
2014/09/17 12:23:29 [error] [exception.CHttpException.404] exception 'CHttpException' with message 'Unable to resolve the request "img/default-user.jpg".' in /opt/lampp/htdocs/yii/framework/web/CWebApplication.php:286
Stack trace:
#0 /opt/lampp/htdocs/yii/framework/web/CWebApplication.php(141): CWebApplication->runController('img/default-use...')
#1 /opt/lampp/htdocs/yii/framework/base/CApplication.php(184): CWebApplication->processRequest()
#2 /opt/lampp/htdocs/soc-ego/index.php(13): CApplication->run()
#3 {main}
REQUEST_URI=/img/default-user.jpg
HTTP_REFERER=http://soc-ego/
---
2014/09/17 12:24:02 [error] [exception.CHttpException.404] exception 'CHttpException' with message 'Unable to resolve the request "img/default-user.jpg".' in /opt/lampp/htdocs/yii/framework/web/CWebApplication.php:286
Stack trace:
#0 /opt/lampp/htdocs/yii/framework/web/CWebApplication.php(141): CWebApplication->runController('img/default-use...')
#1 /opt/lampp/htdocs/yii/framework/base/CApplication.php(184): CWebApplication->processRequest()
#2 /opt/lampp/htdocs/soc-ego/index.php(13): CApplication->run()
#3 {main}
REQUEST_URI=/img/default-user.jpg
HTTP_REFERER=http://soc-ego/
---
2014/09/17 12:24:02 [error] [exception.CHttpException.404] exception 'CHttpException' with message 'Unable to resolve the request "img/default-user.jpg".' in /opt/lampp/htdocs/yii/framework/web/CWebApplication.php:286
Stack trace:
#0 /opt/lampp/htdocs/yii/framework/web/CWebApplication.php(141): CWebApplication->runController('img/default-use...')
#1 /opt/lampp/htdocs/yii/framework/base/CApplication.php(184): CWebApplication->processRequest()
#2 /opt/lampp/htdocs/soc-ego/index.php(13): CApplication->run()
#3 {main}
REQUEST_URI=/img/default-user.jpg
HTTP_REFERER=http://soc-ego/
---
2014/09/17 12:24:05 [error] [exception.CHttpException.404] exception 'CHttpException' with message 'Unable to resolve the request "img/default-user.jpg".' in /opt/lampp/htdocs/yii/framework/web/CWebApplication.php:286
Stack trace:
#0 /opt/lampp/htdocs/yii/framework/web/CWebApplication.php(141): CWebApplication->runController('img/default-use...')
#1 /opt/lampp/htdocs/yii/framework/base/CApplication.php(184): CWebApplication->processRequest()
#2 /opt/lampp/htdocs/soc-ego/index.php(13): CApplication->run()
#3 {main}
REQUEST_URI=/img/default-user.jpg
HTTP_REFERER=http://soc-ego/
---
2014/09/17 12:27:48 [error] [exception.CHttpException.404] exception 'CHttpException' with message 'Unable to resolve the request "img/default-user.jpg".' in /opt/lampp/htdocs/yii/framework/web/CWebApplication.php:286
Stack trace:
#0 /opt/lampp/htdocs/yii/framework/web/CWebApplication.php(141): CWebApplication->runController('img/default-use...')
#1 /opt/lampp/htdocs/yii/framework/base/CApplication.php(184): CWebApplication->processRequest()
#2 /opt/lampp/htdocs/soc-ego/index.php(13): CApplication->run()
#3 {main}
REQUEST_URI=/img/default-user.jpg
HTTP_REFERER=http://soc-ego/
---
2014/09/17 12:27:51 [error] [php] json_encode() expects at most 3 parameters, 4 given (/opt/lampp/htdocs/soc-ego/protected/controllers/SiteController.php:116)
Stack trace:
#0 /opt/lampp/htdocs/yii/framework/web/CController.php(308): CInlineAction->runWithParams()
#1 /opt/lampp/htdocs/yii/framework/web/CController.php(286): SiteController->runAction()
#2 /opt/lampp/htdocs/yii/framework/web/CController.php(265): SiteController->runActionWithFilters()
#3 /opt/lampp/htdocs/yii/framework/web/CWebApplication.php(282): SiteController->run()
#4 /opt/lampp/htdocs/yii/framework/web/CWebApplication.php(141): CWebApplication->runController()
#5 /opt/lampp/htdocs/yii/framework/base/CApplication.php(184): CWebApplication->processRequest()
#6 /opt/lampp/htdocs/soc-ego/index.php(13): CWebApplication->run()
REQUEST_URI=/commentsadd
in /opt/lampp/htdocs/soc-ego/protected/controllers/SiteController.php (116)
in /opt/lampp/htdocs/soc-ego/index.php (13)
2014/09/17 12:31:36 [error] [exception.CHttpException.404] exception 'CHttpException' with message 'Unable to resolve the request "img/default-user.jpg".' in /opt/lampp/htdocs/yii/framework/web/CWebApplication.php:286
Stack trace:
#0 /opt/lampp/htdocs/yii/framework/web/CWebApplication.php(141): CWebApplication->runController('img/default-use...')
#1 /opt/lampp/htdocs/yii/framework/base/CApplication.php(184): CWebApplication->processRequest()
#2 /opt/lampp/htdocs/soc-ego/index.php(13): CApplication->run()
#3 {main}
REQUEST_URI=/img/default-user.jpg
HTTP_REFERER=http://soc-ego/
---
2014/09/17 12:32:06 [error] [exception.CHttpException.404] exception 'CHttpException' with message 'Unable to resolve the request "img/default-user.jpg".' in /opt/lampp/htdocs/yii/framework/web/CWebApplication.php:286
Stack trace:
#0 /opt/lampp/htdocs/yii/framework/web/CWebApplication.php(141): CWebApplication->runController('img/default-use...')
#1 /opt/lampp/htdocs/yii/framework/base/CApplication.php(184): CWebApplication->processRequest()
#2 /opt/lampp/htdocs/soc-ego/index.php(13): CApplication->run()
#3 {main}
REQUEST_URI=/img/default-user.jpg
HTTP_REFERER=http://soc-ego/
---
2014/09/17 12:32:06 [error] [exception.CHttpException.404] exception 'CHttpException' with message 'Unable to resolve the request "img/default-user.jpg".' in /opt/lampp/htdocs/yii/framework/web/CWebApplication.php:286
Stack trace:
#0 /opt/lampp/htdocs/yii/framework/web/CWebApplication.php(141): CWebApplication->runController('img/default-use...')
#1 /opt/lampp/htdocs/yii/framework/base/CApplication.php(184): CWebApplication->processRequest()
#2 /opt/lampp/htdocs/soc-ego/index.php(13): CApplication->run()
#3 {main}
REQUEST_URI=/img/default-user.jpg
HTTP_REFERER=http://soc-ego/
---
2014/09/17 12:38:19 [error] [exception.CHttpException.404] exception 'CHttpException' with message 'Unable to resolve the request "img/default-user.jpg".' in /opt/lampp/htdocs/yii/framework/web/CWebApplication.php:286
Stack trace:
#0 /opt/lampp/htdocs/yii/framework/web/CWebApplication.php(141): CWebApplication->runController('img/default-use...')
#1 /opt/lampp/htdocs/yii/framework/base/CApplication.php(184): CWebApplication->processRequest()
#2 /opt/lampp/htdocs/soc-ego/index.php(13): CApplication->run()
#3 {main}
REQUEST_URI=/img/default-user.jpg
HTTP_REFERER=http://soc-ego/
---
2014/09/17 12:38:19 [error] [exception.CHttpException.404] exception 'CHttpException' with message 'Unable to resolve the request "img/default-user.jpg".' in /opt/lampp/htdocs/yii/framework/web/CWebApplication.php:286
Stack trace:
#0 /opt/lampp/htdocs/yii/framework/web/CWebApplication.php(141): CWebApplication->runController('img/default-use...')
#1 /opt/lampp/htdocs/yii/framework/base/CApplication.php(184): CWebApplication->processRequest()
#2 /opt/lampp/htdocs/soc-ego/index.php(13): CApplication->run()
#3 {main}
REQUEST_URI=/img/default-user.jpg
HTTP_REFERER=http://soc-ego/
---
2014/09/17 12:38:40 [error] [exception.CHttpException.404] exception 'CHttpException' with message 'Unable to resolve the request "img/default-user.jpg".' in /opt/lampp/htdocs/yii/framework/web/CWebApplication.php:286
Stack trace:
#0 /opt/lampp/htdocs/yii/framework/web/CWebApplication.php(141): CWebApplication->runController('img/default-use...')
#1 /opt/lampp/htdocs/yii/framework/base/CApplication.php(184): CWebApplication->processRequest()
#2 /opt/lampp/htdocs/soc-ego/index.php(13): CApplication->run()
#3 {main}
REQUEST_URI=/img/default-user.jpg
HTTP_REFERER=http://soc-ego/
---
2014/09/17 12:38:43 [error] [exception.CHttpException.404] exception 'CHttpException' with message 'Unable to resolve the request "img/default-user.jpg".' in /opt/lampp/htdocs/yii/framework/web/CWebApplication.php:286
Stack trace:
#0 /opt/lampp/htdocs/yii/framework/web/CWebApplication.php(141): CWebApplication->runController('img/default-use...')
#1 /opt/lampp/htdocs/yii/framework/base/CApplication.php(184): CWebApplication->processRequest()
#2 /opt/lampp/htdocs/soc-ego/index.php(13): CApplication->run()
#3 {main}
REQUEST_URI=/img/default-user.jpg
HTTP_REFERER=http://soc-ego/
---
2014/09/17 12:41:30 [error] [php] Trying to get property of non-object (/opt/lampp/htdocs/soc-ego/protected/views/site/index.php:106)
Stack trace:
#0 /opt/lampp/htdocs/yii/framework/web/CController.php(869): SiteController->renderFile()
#1 /opt/lampp/htdocs/yii/framework/web/CController.php(782): SiteController->renderPartial()
#2 /opt/lampp/htdocs/soc-ego/protected/controllers/SiteController.php(53): SiteController->render()
#3 /opt/lampp/htdocs/yii/framework/web/actions/CInlineAction.php(49): SiteController->actionIndex()
#4 /opt/lampp/htdocs/yii/framework/web/CController.php(308): CInlineAction->runWithParams()
#5 /opt/lampp/htdocs/yii/framework/web/CController.php(286): SiteController->runAction()
#6 /opt/lampp/htdocs/yii/framework/web/CController.php(265): SiteController->runActionWithFilters()
#7 /opt/lampp/htdocs/yii/framework/web/CWebApplication.php(282): SiteController->run()
#8 /opt/lampp/htdocs/yii/framework/web/CWebApplication.php(141): CWebApplication->runController()
#9 /opt/lampp/htdocs/yii/framework/base/CApplication.php(184): CWebApplication->processRequest()
#10 /opt/lampp/htdocs/soc-ego/index.php(13): CWebApplication->run()
REQUEST_URI=/
in /opt/lampp/htdocs/soc-ego/protected/views/site/index.php (106)
in /opt/lampp/htdocs/soc-ego/protected/controllers/SiteController.php (53)
in /opt/lampp/htdocs/soc-ego/index.php (13)
2014/09/17 12:42:01 [error] [exception.CHttpException.404] exception 'CHttpException' with message 'Unable to resolve the request "img/default-user.jpg".' in /opt/lampp/htdocs/yii/framework/web/CWebApplication.php:286
Stack trace:
#0 /opt/lampp/htdocs/yii/framework/web/CWebApplication.php(141): CWebApplication->runController('img/default-use...')
#1 /opt/lampp/htdocs/yii/framework/base/CApplication.php(184): CWebApplication->processRequest()
#2 /opt/lampp/htdocs/soc-ego/index.php(13): CApplication->run()
#3 {main}
REQUEST_URI=/img/default-user.jpg
HTTP_REFERER=http://soc-ego/
---
2014/09/17 12:42:01 [error] [exception.CHttpException.404] exception 'CHttpException' with message 'Unable to resolve the request "img/default-user.jpg".' in /opt/lampp/htdocs/yii/framework/web/CWebApplication.php:286
Stack trace:
#0 /opt/lampp/htdocs/yii/framework/web/CWebApplication.php(141): CWebApplication->runController('img/default-use...')
#1 /opt/lampp/htdocs/yii/framework/base/CApplication.php(184): CWebApplication->processRequest()
#2 /opt/lampp/htdocs/soc-ego/index.php(13): CApplication->run()
#3 {main}
REQUEST_URI=/img/default-user.jpg
HTTP_REFERER=http://soc-ego/
---
2014/09/17 12:42:17 [error] [exception.CHttpException.404] exception 'CHttpException' with message 'Unable to resolve the request "img/default-user.jpg".' in /opt/lampp/htdocs/yii/framework/web/CWebApplication.php:286
Stack trace:
#0 /opt/lampp/htdocs/yii/framework/web/CWebApplication.php(141): CWebApplication->runController('img/default-use...')
#1 /opt/lampp/htdocs/yii/framework/base/CApplication.php(184): CWebApplication->processRequest()
#2 /opt/lampp/htdocs/soc-ego/index.php(13): CApplication->run()
#3 {main}
REQUEST_URI=/img/default-user.jpg
HTTP_REFERER=http://soc-ego/
---
2014/09/17 12:46:25 [error] [exception.CHttpException.404] exception 'CHttpException' with message 'Unable to resolve the request "img/default-user.jpg".' in /opt/lampp/htdocs/yii/framework/web/CWebApplication.php:286
Stack trace:
#0 /opt/lampp/htdocs/yii/framework/web/CWebApplication.php(141): CWebApplication->runController('img/default-use...')
#1 /opt/lampp/htdocs/yii/framework/base/CApplication.php(184): CWebApplication->processRequest()
#2 /opt/lampp/htdocs/soc-ego/index.php(13): CApplication->run()
#3 {main}
REQUEST_URI=/img/default-user.jpg
HTTP_REFERER=http://soc-ego/
---
2014/09/17 12:46:25 [error] [exception.CHttpException.404] exception 'CHttpException' with message 'Unable to resolve the request "img/default-user.jpg".' in /opt/lampp/htdocs/yii/framework/web/CWebApplication.php:286
Stack trace:
#0 /opt/lampp/htdocs/yii/framework/web/CWebApplication.php(141): CWebApplication->runController('img/default-use...')
#1 /opt/lampp/htdocs/yii/framework/base/CApplication.php(184): CWebApplication->processRequest()
#2 /opt/lampp/htdocs/soc-ego/index.php(13): CApplication->run()
#3 {main}
REQUEST_URI=/img/default-user.jpg
HTTP_REFERER=http://soc-ego/
---
2014/09/17 12:46:28 [error] [exception.CHttpException.404] exception 'CHttpException' with message 'Unable to resolve the request "img/default-user.jpg".' in /opt/lampp/htdocs/yii/framework/web/CWebApplication.php:286
Stack trace:
#0 /opt/lampp/htdocs/yii/framework/web/CWebApplication.php(141): CWebApplication->runController('img/default-use...')
#1 /opt/lampp/htdocs/yii/framework/base/CApplication.php(184): CWebApplication->processRequest()
#2 /opt/lampp/htdocs/soc-ego/index.php(13): CApplication->run()
#3 {main}
REQUEST_URI=/img/default-user.jpg
HTTP_REFERER=http://soc-ego/
---
2014/09/17 12:46:33 [error] [exception.CHttpException.404] exception 'CHttpException' with message 'Unable to resolve the request "img/default-user.jpg".' in /opt/lampp/htdocs/yii/framework/web/CWebApplication.php:286
Stack trace:
#0 /opt/lampp/htdocs/yii/framework/web/CWebApplication.php(141): CWebApplication->runController('img/default-use...')
#1 /opt/lampp/htdocs/yii/framework/base/CApplication.php(184): CWebApplication->processRequest()
#2 /opt/lampp/htdocs/soc-ego/index.php(13): CApplication->run()
#3 {main}
REQUEST_URI=/img/default-user.jpg
HTTP_REFERER=http://soc-ego/
---
2014/09/17 12:46:43 [error] [exception.CHttpException.404] exception 'CHttpException' with message 'Unable to resolve the request "img/default-user.jpg".' in /opt/lampp/htdocs/yii/framework/web/CWebApplication.php:286
Stack trace:
#0 /opt/lampp/htdocs/yii/framework/web/CWebApplication.php(141): CWebApplication->runController('img/default-use...')
#1 /opt/lampp/htdocs/yii/framework/base/CApplication.php(184): CWebApplication->processRequest()
#2 /opt/lampp/htdocs/soc-ego/index.php(13): CApplication->run()
#3 {main}
REQUEST_URI=/img/default-user.jpg
HTTP_REFERER=http://soc-ego/
---
2014/09/17 12:46:50 [error] [exception.CHttpException.404] exception 'CHttpException' with message 'Unable to resolve the request "img/default-user.jpg".' in /opt/lampp/htdocs/yii/framework/web/CWebApplication.php:286
Stack trace:
#0 /opt/lampp/htdocs/yii/framework/web/CWebApplication.php(141): CWebApplication->runController('img/default-use...')
#1 /opt/lampp/htdocs/yii/framework/base/CApplication.php(184): CWebApplication->processRequest()
#2 /opt/lampp/htdocs/soc-ego/index.php(13): CApplication->run()
#3 {main}
REQUEST_URI=/img/default-user.jpg
HTTP_REFERER=http://soc-ego/
---
2014/09/17 12:48:27 [error] [exception.CHttpException.404] exception 'CHttpException' with message 'Unable to resolve the request "img/default-user.jpg".' in /opt/lampp/htdocs/yii/framework/web/CWebApplication.php:286
Stack trace:
#0 /opt/lampp/htdocs/yii/framework/web/CWebApplication.php(141): CWebApplication->runController('img/default-use...')
#1 /opt/lampp/htdocs/yii/framework/base/CApplication.php(184): CWebApplication->processRequest()
#2 /opt/lampp/htdocs/soc-ego/index.php(13): CApplication->run()
#3 {main}
REQUEST_URI=/img/default-user.jpg
HTTP_REFERER=http://soc-ego/
---
2014/09/17 12:48:35 [error] [exception.CHttpException.404] exception 'CHttpException' with message 'Unable to resolve the request "img/default-user.jpg".' in /opt/lampp/htdocs/yii/framework/web/CWebApplication.php:286
Stack trace:
#0 /opt/lampp/htdocs/yii/framework/web/CWebApplication.php(141): CWebApplication->runController('img/default-use...')
#1 /opt/lampp/htdocs/yii/framework/base/CApplication.php(184): CWebApplication->processRequest()
#2 /opt/lampp/htdocs/soc-ego/index.php(13): CApplication->run()
#3 {main}
REQUEST_URI=/img/default-user.jpg
HTTP_REFERER=http://soc-ego/
---
2014/09/17 12:48:37 [error] [exception.CHttpException.404] exception 'CHttpException' with message 'Unable to resolve the request "img/default-user.jpg".' in /opt/lampp/htdocs/yii/framework/web/CWebApplication.php:286
Stack trace:
#0 /opt/lampp/htdocs/yii/framework/web/CWebApplication.php(141): CWebApplication->runController('img/default-use...')
#1 /opt/lampp/htdocs/yii/framework/base/CApplication.php(184): CWebApplication->processRequest()
#2 /opt/lampp/htdocs/soc-ego/index.php(13): CApplication->run()
#3 {main}
REQUEST_URI=/img/default-user.jpg
HTTP_REFERER=http://soc-ego/
---
2014/09/17 12:49:03 [error] [exception.CHttpException.404] exception 'CHttpException' with message 'Unable to resolve the request "img/default-user.jpg".' in /opt/lampp/htdocs/yii/framework/web/CWebApplication.php:286
Stack trace:
#0 /opt/lampp/htdocs/yii/framework/web/CWebApplication.php(141): CWebApplication->runController('img/default-use...')
#1 /opt/lampp/htdocs/yii/framework/base/CApplication.php(184): CWebApplication->processRequest()
#2 /opt/lampp/htdocs/soc-ego/index.php(13): CApplication->run()
#3 {main}
REQUEST_URI=/img/default-user.jpg
HTTP_REFERER=http://soc-ego/
---
2014/09/17 12:49:05 [error] [exception.CHttpException.404] exception 'CHttpException' with message 'Unable to resolve the request "img/default-user.jpg".' in /opt/lampp/htdocs/yii/framework/web/CWebApplication.php:286
Stack trace:
#0 /opt/lampp/htdocs/yii/framework/web/CWebApplication.php(141): CWebApplication->runController('img/default-use...')
#1 /opt/lampp/htdocs/yii/framework/base/CApplication.php(184): CWebApplication->processRequest()
#2 /opt/lampp/htdocs/soc-ego/index.php(13): CApplication->run()
#3 {main}
REQUEST_URI=/img/default-user.jpg
HTTP_REFERER=http://soc-ego/
---
2014/09/17 12:49:07 [error] [exception.CHttpException.404] exception 'CHttpException' with message 'Unable to resolve the request "img/default-user.jpg".' in /opt/lampp/htdocs/yii/framework/web/CWebApplication.php:286
Stack trace:
#0 /opt/lampp/htdocs/yii/framework/web/CWebApplication.php(141): CWebApplication->runController('img/default-use...')
#1 /opt/lampp/htdocs/yii/framework/base/CApplication.php(184): CWebApplication->processRequest()
#2 /opt/lampp/htdocs/soc-ego/index.php(13): CApplication->run()
#3 {main}
REQUEST_URI=/img/default-user.jpg
HTTP_REFERER=http://soc-ego/
---
2014/09/17 12:49:15 [error] [exception.CHttpException.404] exception 'CHttpException' with message 'Unable to resolve the request "img/default-user.jpg".' in /opt/lampp/htdocs/yii/framework/web/CWebApplication.php:286
Stack trace:
#0 /opt/lampp/htdocs/yii/framework/web/CWebApplication.php(141): CWebApplication->runController('img/default-use...')
#1 /opt/lampp/htdocs/yii/framework/base/CApplication.php(184): CWebApplication->processRequest()
#2 /opt/lampp/htdocs/soc-ego/index.php(13): CApplication->run()
#3 {main}
REQUEST_URI=/img/default-user.jpg
HTTP_REFERER=http://soc-ego/
---
2014/09/17 13:02:15 [error] [exception.CHttpException.404] exception 'CHttpException' with message 'Unable to resolve the request "img/default-user.jpg".' in /opt/lampp/htdocs/yii/framework/web/CWebApplication.php:286
Stack trace:
#0 /opt/lampp/htdocs/yii/framework/web/CWebApplication.php(141): CWebApplication->runController('img/default-use...')
#1 /opt/lampp/htdocs/yii/framework/base/CApplication.php(184): CWebApplication->processRequest()
#2 /opt/lampp/htdocs/soc-ego/index.php(13): CApplication->run()
#3 {main}
REQUEST_URI=/img/default-user.jpg
HTTP_REFERER=http://soc-ego/
---
2014/09/17 13:02:15 [error] [exception.CHttpException.404] exception 'CHttpException' with message 'Unable to resolve the request "img/default-user.jpg".' in /opt/lampp/htdocs/yii/framework/web/CWebApplication.php:286
Stack trace:
#0 /opt/lampp/htdocs/yii/framework/web/CWebApplication.php(141): CWebApplication->runController('img/default-use...')
#1 /opt/lampp/htdocs/yii/framework/base/CApplication.php(184): CWebApplication->processRequest()
#2 /opt/lampp/htdocs/soc-ego/index.php(13): CApplication->run()
#3 {main}
REQUEST_URI=/img/default-user.jpg
HTTP_REFERER=http://soc-ego/
---
2014/09/17 13:02:17 [error] [exception.CHttpException.404] exception 'CHttpException' with message 'Unable to resolve the request "img/default-user.jpg".' in /opt/lampp/htdocs/yii/framework/web/CWebApplication.php:286
Stack trace:
#0 /opt/lampp/htdocs/yii/framework/web/CWebApplication.php(141): CWebApplication->runController('img/default-use...')
#1 /opt/lampp/htdocs/yii/framework/base/CApplication.php(184): CWebApplication->processRequest()
#2 /opt/lampp/htdocs/soc-ego/index.php(13): CApplication->run()
#3 {main}
REQUEST_URI=/img/default-user.jpg
HTTP_REFERER=http://soc-ego/
---
2014/09/17 13:03:09 [error] [exception.CHttpException.404] exception 'CHttpException' with message 'Unable to resolve the request "img/default-user.jpg".' in /opt/lampp/htdocs/yii/framework/web/CWebApplication.php:286
Stack trace:
#0 /opt/lampp/htdocs/yii/framework/web/CWebApplication.php(141): CWebApplication->runController('img/default-use...')
#1 /opt/lampp/htdocs/yii/framework/base/CApplication.php(184): CWebApplication->processRequest()
#2 /opt/lampp/htdocs/soc-ego/index.php(13): CApplication->run()
#3 {main}
REQUEST_URI=/img/default-user.jpg
HTTP_REFERER=http://soc-ego/
---
2014/09/17 13:03:17 [error] [exception.CHttpException.404] exception 'CHttpException' with message 'Unable to resolve the request "img/default-user.jpg".' in /opt/lampp/htdocs/yii/framework/web/CWebApplication.php:286
Stack trace:
#0 /opt/lampp/htdocs/yii/framework/web/CWebApplication.php(141): CWebApplication->runController('img/default-use...')
#1 /opt/lampp/htdocs/yii/framework/base/CApplication.php(184): CWebApplication->processRequest()
#2 /opt/lampp/htdocs/soc-ego/index.php(13): CApplication->run()
#3 {main}
REQUEST_URI=/img/default-user.jpg
HTTP_REFERER=http://soc-ego/
---
2014/09/17 13:04:50 [error] [exception.CHttpException.404] exception 'CHttpException' with message 'Unable to resolve the request "img/default-user.jpg".' in /opt/lampp/htdocs/yii/framework/web/CWebApplication.php:286
Stack trace:
#0 /opt/lampp/htdocs/yii/framework/web/CWebApplication.php(141): CWebApplication->runController('img/default-use...')
#1 /opt/lampp/htdocs/yii/framework/base/CApplication.php(184): CWebApplication->processRequest()
#2 /opt/lampp/htdocs/soc-ego/index.php(13): CApplication->run()
#3 {main}
REQUEST_URI=/img/default-user.jpg
HTTP_REFERER=http://soc-ego/
---
2014/09/17 13:08:24 [error] [exception.CHttpException.404] exception 'CHttpException' with message 'Unable to resolve the request "img/default-user.jpg".' in /opt/lampp/htdocs/yii/framework/web/CWebApplication.php:286
Stack trace:
#0 /opt/lampp/htdocs/yii/framework/web/CWebApplication.php(141): CWebApplication->runController('img/default-use...')
#1 /opt/lampp/htdocs/yii/framework/base/CApplication.php(184): CWebApplication->processRequest()
#2 /opt/lampp/htdocs/soc-ego/index.php(13): CApplication->run()
#3 {main}
REQUEST_URI=/img/default-user.jpg
HTTP_REFERER=http://soc-ego/
---
2014/09/17 13:09:10 [error] [exception.CHttpException.404] exception 'CHttpException' with message 'Unable to resolve the request "img/default-user.jpg".' in /opt/lampp/htdocs/yii/framework/web/CWebApplication.php:286
Stack trace:
#0 /opt/lampp/htdocs/yii/framework/web/CWebApplication.php(141): CWebApplication->runController('img/default-use...')
#1 /opt/lampp/htdocs/yii/framework/base/CApplication.php(184): CWebApplication->processRequest()
#2 /opt/lampp/htdocs/soc-ego/index.php(13): CApplication->run()
#3 {main}
REQUEST_URI=/img/default-user.jpg
HTTP_REFERER=http://soc-ego/
---
